TN:
SF:/Users/lf.langis/Devs/calendar-exercice/src/components/About/About.js
FN:8,(anonymous_0)
FNF:1
FNH:1
FNDA:1,(anonymous_0)
DA:8,1
DA:9,1
LF:2
LH:2
BRF:0
BRH:0
end_of_record
TN:
SF:/Users/lf.langis/Devs/calendar-exercice/src/components/Button/CalendarButton.js
FN:15,(anonymous_0)
FNF:1
FNH:1
FNDA:461,(anonymous_0)
DA:15,5
DA:16,461
DA:19,461
DA:20,461
DA:27,5
DA:34,5
LF:6
LH:6
BRDA:19,0,0,12
BRDA:19,0,1,449
BRF:2
BRH:2
end_of_record
TN:
SF:/Users/lf.langis/Devs/calendar-exercice/src/components/Button/CalendarButtonConnected.js
FN:10,(anonymous_0)
FNF:1
FNH:1
FNDA:916,(anonymous_0)
DA:10,916
LF:1
LH:1
BRDA:11,0,0,18
BRDA:11,0,1,898
BRDA:12,1,0,18
BRDA:12,1,1,898
BRDA:13,2,0,916
BRDA:13,2,1,912
BRF:6
BRH:6
end_of_record
TN:
SF:/Users/lf.langis/Devs/calendar-exercice/src/components/Button/ColorButton.js
FN:11,(anonymous_0)
FNF:1
FNH:1
FNDA:87,(anonymous_0)
DA:11,8
DA:12,87
DA:20,8
DA:24,8
LF:4
LH:4
BRF:0
BRH:0
end_of_record
TN:
SF:/Users/lf.langis/Devs/calendar-exercice/src/components/Button/EventButton.js
FN:12,(anonymous_0)
FNF:1
FNH:1
FNDA:15,(anonymous_0)
DA:12,7
DA:13,15
DA:16,15
DA:23,7
DA:27,7
LF:5
LH:5
BRF:0
BRH:0
end_of_record
TN:
SF:/Users/lf.langis/Devs/calendar-exercice/src/components/Calendar/Calendar.js
FN:22,(anonymous_0)
FN:31,(anonymous_1)
FN:47,(anonymous_2)
FNF:3
FNH:3
FNDA:3,(anonymous_0)
FNDA:5,(anonymous_1)
FNDA:36,(anonymous_2)
DA:23,3
DA:32,5
DA:34,5
DA:35,1
DA:38,4
DA:39,1
DA:42,3
DA:48,36
DA:60,1
DA:72,1
LF:10
LH:10
BRDA:23,0,0,3
BRDA:23,0,1,2
BRDA:34,1,0,1
BRDA:34,1,1,4
BRDA:38,2,0,1
BRDA:38,2,1,3
BRDA:51,3,0,3
BRDA:51,3,1,1
BRF:8
BRH:8
end_of_record
TN:
SF:/Users/lf.langis/Devs/calendar-exercice/src/components/Calendar/CalendarConnected.js
FN:14,(anonymous_0)
FNF:1
FNH:1
FNDA:2,(anonymous_0)
DA:14,2
LF:1
LH:1
BRF:0
BRH:0
end_of_record
TN:
SF:/Users/lf.langis/Devs/calendar-exercice/src/components/Day/Day-actions.js
FN:8,(anonymous_0)
FNF:1
FNH:1
FNDA:1,(anonymous_0)
DA:1,4
DA:8,4
DA:9,1
LF:3
LH:3
BRF:0
BRH:0
end_of_record
TN:
SF:/Users/lf.langis/Devs/calendar-exercice/src/components/Day/Day-reselect.js
FN:10,(anonymous_0)
FN:14,(anonymous_1)
FNF:2
FNH:2
FNDA:910,(anonymous_0)
FNDA:910,(anonymous_1)
DA:10,910
DA:12,3
DA:14,910
LF:3
LH:3
BRF:0
BRH:0
end_of_record
TN:
SF:/Users/lf.langis/Devs/calendar-exercice/src/components/Day/Day.js
FN:22,(anonymous_0)
FN:35,(anonymous_1)
FNF:2
FNH:2
FNDA:3,(anonymous_0)
FNDA:461,(anonymous_1)
DA:23,3
DA:24,3
DA:25,1
DA:26,2
DA:27,1
DA:36,461
DA:37,461
DA:39,461
DA:66,4
LF:9
LH:9
BRDA:24,0,0,1
BRDA:24,0,1,2
BRDA:26,1,0,1
BRDA:26,1,1,1
BRDA:41,2,0,461
BRDA:41,2,1,3
BRDA:41,2,2,2
BRDA:48,3,0,461
BRDA:48,3,1,3
BRDA:48,3,2,1
BRF:10
BRH:10
end_of_record
TN:
SF:/Users/lf.langis/Devs/calendar-exercice/src/components/Day/DayConnected.js
FN:11,(anonymous_0)
FNF:1
FNH:1
FNDA:910,(anonymous_0)
DA:11,3
DA:12,910
DA:13,910
LF:3
LH:3
BRF:0
BRH:0
end_of_record
TN:
SF:/Users/lf.langis/Devs/calendar-exercice/src/components/Errors/Error.js
FN:16,(anonymous_0)
FNF:1
FNH:1
FNDA:3,(anonymous_0)
DA:6,2
DA:16,2
DA:17,3
DA:18,3
DA:19,2
DA:26,2
LF:6
LH:6
BRDA:18,0,0,1
BRDA:18,0,1,2
BRF:2
BRH:2
end_of_record
TN:
SF:/Users/lf.langis/Devs/calendar-exercice/src/components/Errors/PageNotFound.js
FN:7,(anonymous_0)
FNF:1
FNH:1
FNDA:3,(anonymous_0)
DA:7,3
DA:8,3
LF:2
LH:2
BRF:0
BRH:0
end_of_record
TN:
SF:/Users/lf.langis/Devs/calendar-exercice/src/components/Event/EventForm-actions.js
FN:17,(anonymous_0)
FN:26,(anonymous_1)
FN:35,(anonymous_2)
FN:44,(anonymous_3)
FN:53,(anonymous_4)
FN:62,(anonymous_5)
FN:73,(anonymous_6)
FN:85,(anonymous_7)
FN:95,(anonymous_8)
FN:95,(anonymous_9)
FN:115,(anonymous_10)
FN:115,(anonymous_11)
FNF:12
FNH:12
FNDA:3,(anonymous_0)
FNDA:2,(anonymous_1)
FNDA:2,(anonymous_2)
FNDA:3,(anonymous_3)
FNDA:2,(anonymous_4)
FNDA:2,(anonymous_5)
FNDA:1,(anonymous_6)
FNDA:1,(anonymous_7)
FNDA:2,(anonymous_8)
FNDA:2,(anonymous_9)
FNDA:2,(anonymous_10)
FNDA:2,(anonymous_11)
DA:4,5
DA:5,5
DA:6,5
DA:7,5
DA:8,5
DA:9,5
DA:10,5
DA:11,5
DA:17,5
DA:26,5
DA:35,5
DA:44,5
DA:53,5
DA:62,5
DA:73,5
DA:85,5
DA:95,5
DA:96,2
DA:97,2
DA:98,2
DA:101,1
DA:102,1
DA:104,1
DA:115,5
DA:116,2
DA:117,2
DA:118,2
DA:119,1
DA:120,1
DA:122,1
LF:30
LH:30
BRF:0
BRH:0
end_of_record
TN:
SF:/Users/lf.langis/Devs/calendar-exercice/src/components/Event/EventForm-reselect.js
FN:10,(anonymous_0)
FN:14,(anonymous_1)
FN:19,(anonymous_2)
FN:24,(anonymous_3)
FN:29,(anonymous_4)
FN:34,(anonymous_5)
FNF:6
FNH:6
FNDA:1808,(anonymous_0)
FNDA:900,(anonymous_1)
FNDA:898,(anonymous_2)
FNDA:2,(anonymous_3)
FNDA:4,(anonymous_4)
FNDA:4,(anonymous_5)
DA:10,1808
DA:12,5
DA:14,900
DA:17,5
DA:19,898
DA:22,5
DA:24,2
DA:27,5
DA:29,4
DA:32,5
DA:34,4
LF:11
LH:11
BRF:0
BRH:0
end_of_record
TN:
SF:/Users/lf.langis/Devs/calendar-exercice/src/components/Event/EventForm.js
FN:26,(anonymous_0)
FN:39,(anonymous_1)
FN:46,(anonymous_2)
FN:58,(anonymous_3)
FN:58,(anonymous_4)
FN:70,(anonymous_5)
FN:79,(anonymous_6)
FN:87,(anonymous_7)
FN:104,(anonymous_8)
FN:127,(anonymous_9)
FNF:10
FNH:10
FNDA:9,(anonymous_0)
FNDA:1,(anonymous_1)
FNDA:1,(anonymous_2)
FNDA:37,(anonymous_3)
FNDA:1,(anonymous_4)
FNDA:2,(anonymous_5)
FNDA:1,(anonymous_6)
FNDA:1,(anonymous_7)
FNDA:13,(anonymous_8)
FNDA:1,(anonymous_9)
DA:27,9
DA:28,9
DA:40,1
DA:47,1
DA:58,37
DA:59,1
DA:60,1
DA:71,2
DA:80,1
DA:88,1
DA:89,1
DA:90,1
DA:91,1
DA:105,13
DA:106,13
DA:108,13
DA:128,1
DA:129,1
DA:153,5
DA:163,5
LF:20
LH:20
BRDA:126,0,0,13
BRDA:126,0,1,1
BRF:2
BRH:2
end_of_record
TN:
SF:/Users/lf.langis/Devs/calendar-exercice/src/components/Event/EventFormConnected.js
FN:10,(anonymous_0)
FNF:1
FNH:1
FNDA:2,(anonymous_0)
DA:10,4
DA:15,4
LF:2
LH:2
BRF:0
BRH:0
end_of_record
TN:
SF:/Users/lf.langis/Devs/calendar-exercice/src/components/Event/EventShow.js
FN:21,(anonymous_0)
FN:28,(anonymous_1)
FN:38,(anonymous_2)
FNF:3
FNH:3
FNDA:2,(anonymous_0)
FNDA:1,(anonymous_1)
FNDA:4,(anonymous_2)
DA:22,2
DA:29,1
DA:30,1
DA:31,1
DA:39,4
DA:40,4
DA:44,4
DA:64,5
LF:8
LH:8
BRF:0
BRH:0
end_of_record
TN:
SF:/Users/lf.langis/Devs/calendar-exercice/src/components/Event/EventShowConnected.js
FN:9,(anonymous_0)
FNF:1
FNH:1
FNDA:2,(anonymous_0)
DA:9,4
DA:11,4
LF:2
LH:2
BRF:0
BRH:0
end_of_record
TN:
SF:/Users/lf.langis/Devs/calendar-exercice/src/components/Event/Events-actions.js
FN:12,(anonymous_0)
FN:15,(anonymous_1)
FN:34,(anonymous_2)
FN:47,(anonymous_3)
FNF:4
FNH:4
FNDA:1,(anonymous_0)
FNDA:12,(anonymous_1)
FNDA:1,(anonymous_2)
FNDA:1,(anonymous_3)
DA:2,7
DA:3,7
DA:4,7
DA:12,7
DA:13,1
DA:14,1
DA:15,1
DA:16,12
DA:17,2
DA:21,1
DA:34,7
DA:47,7
LF:12
LH:12
BRDA:16,0,0,2
BRDA:16,0,1,10
BRDA:16,1,0,12
BRDA:16,1,1,12
BRF:4
BRH:4
end_of_record
TN:
SF:/Users/lf.langis/Devs/calendar-exercice/src/components/Event/Events-reselect.js
FN:10,(anonymous_0)
FN:14,(anonymous_1)
FNF:2
FNH:2
FNDA:39,(anonymous_0)
FNDA:13,(anonymous_1)
DA:10,39
DA:12,3
DA:14,13
LF:3
LH:3
BRF:0
BRH:0
end_of_record
TN:
SF:/Users/lf.langis/Devs/calendar-exercice/src/components/Field/ColorInputField.js
FN:11,(anonymous_0)
FNF:1
FNH:1
FNDA:5,(anonymous_0)
DA:11,6
DA:12,5
DA:20,6
DA:25,6
LF:4
LH:4
BRF:0
BRH:0
end_of_record
TN:
SF:/Users/lf.langis/Devs/calendar-exercice/src/components/Link/Link.js
FN:11,(anonymous_0)
FNF:1
FNH:1
FNDA:3,(anonymous_0)
DA:11,2
DA:12,3
DA:15,2
DA:21,2
LF:4
LH:4
BRF:0
BRH:0
end_of_record
TN:
SF:/Users/lf.langis/Devs/calendar-exercice/src/components/Loader/Loader.js
FN:10,(anonymous_0)
FNF:1
FNH:1
FNDA:1,(anonymous_0)
DA:10,2
DA:11,1
LF:2
LH:2
BRF:0
BRH:0
end_of_record
TN:
SF:/Users/lf.langis/Devs/calendar-exercice/src/components/Main/Main.js
FN:10,(anonymous_0)
FNF:1
FNH:1
FNDA:1,(anonymous_0)
DA:10,1
DA:11,1
DA:16,1
LF:3
LH:3
BRF:0
BRH:0
end_of_record
TN:
SF:/Users/lf.langis/Devs/calendar-exercice/src/components/Message/Message.js
FN:11,(anonymous_0)
FNF:1
FNH:1
FNDA:4,(anonymous_0)
DA:11,6
DA:12,4
DA:13,4
DA:14,4
DA:18,4
DA:19,4
DA:28,6
DA:32,6
LF:8
LH:8
BRDA:21,0,0,4
BRDA:21,0,1,1
BRDA:22,1,0,4
BRDA:22,1,1,2
BRF:4
BRH:4
end_of_record
TN:
SF:/Users/lf.langis/Devs/calendar-exercice/src/components/Month/Month.js
FN:25,(anonymous_0)
FN:27,(anonymous_1)
FN:35,(anonymous_2)
FN:53,(anonymous_3)
FN:89,(anonymous_4)
FN:98,(anonymous_5)
FN:101,(anonymous_6)
FNF:7
FNH:7
FNDA:584,(anonymous_0)
FNDA:237,(anonymous_1)
FNDA:18,(anonymous_2)
FNDA:21,(anonymous_3)
FNDA:19,(anonymous_4)
FNDA:97,(anonymous_5)
FNDA:679,(anonymous_6)
DA:26,584
DA:27,583
DA:36,18
DA:37,18
DA:38,17
DA:41,18
DA:42,1
DA:45,18
DA:54,21
DA:55,21
DA:56,21
DA:57,21
DA:58,21
DA:59,21
DA:62,674
DA:63,33
DA:65,641
DA:66,641
DA:68,674
DA:69,86
DA:70,86
DA:75,21
DA:76,21
DA:77,75
DA:81,21
DA:83,21
DA:90,19
DA:91,19
DA:92,19
DA:99,97
DA:102,679
DA:103,579
DA:124,3
DA:140,3
LF:34
LH:34
BRDA:26,0,0,1
BRDA:26,0,1,583
BRDA:37,1,0,17
BRDA:37,1,1,1
BRDA:41,2,0,1
BRDA:41,2,1,17
BRDA:62,3,0,33
BRDA:62,3,1,641
BRDA:68,4,0,86
BRDA:68,4,1,588
BRDA:102,5,0,100
BRDA:102,5,1,579
BRF:12
BRH:12
end_of_record
TN:
SF:/Users/lf.langis/Devs/calendar-exercice/src/components/Month/MonthConnected.js
FN:10,(anonymous_0)
FNF:1
FNH:1
FNDA:38,(anonymous_0)
DA:10,2
DA:11,38
LF:2
LH:2
BRF:0
BRH:0
end_of_record
TN:
SF:/Users/lf.langis/Devs/calendar-exercice/src/components/Navbar/Navbar.js
FN:11,(anonymous_0)
FNF:1
FNH:1
FNDA:1,(anonymous_0)
DA:11,1
DA:12,1
LF:2
LH:2
BRF:0
BRH:0
end_of_record
TN:
SF:/Users/lf.langis/Devs/calendar-exercice/src/components/Palette/ColorPalette.js
FN:20,(anonymous_0)
FN:28,(anonymous_1)
FNF:2
FNH:2
FNDA:7,(anonymous_0)
FNDA:84,(anonymous_1)
DA:21,7
DA:22,7
DA:25,7
DA:29,84
DA:43,7
DA:49,7
LF:6
LH:6
BRF:0
BRH:0
end_of_record
TN:
SF:/Users/lf.langis/Devs/calendar-exercice/src/components/Palette/colors-constant.js
FNF:0
FNH:0
DA:2,9
DA:7,9
LF:2
LH:2
BRF:0
BRH:0
end_of_record
TN:
SF:/Users/lf.langis/Devs/calendar-exercice/src/components/Title/Title.js
FN:9,(anonymous_0)
FNF:1
FNH:1
FNDA:1,(anonymous_0)
DA:9,1
DA:10,1
LF:2
LH:2
BRF:0
BRH:0
end_of_record
TN:
SF:/Users/lf.langis/Devs/calendar-exercice/src/components/Week/WeekHeader.js
FN:10,(anonymous_0)
FNF:1
FNH:1
FNDA:16,(anonymous_0)
DA:10,4
DA:11,16
LF:2
LH:2
BRF:0
BRH:0
end_of_record
TN:
SF:/Users/lf.langis/Devs/calendar-exercice/src/components/YearForm/YearForm-actions.js
FN:17,(anonymous_0)
FN:26,(anonymous_1)
FN:40,(anonymous_2)
FN:49,(anonymous_3)
FN:58,(anonymous_4)
FN:70,(anonymous_5)
FN:81,(anonymous_6)
FN:81,(anonymous_7)
FN:102,(anonymous_8)
FN:102,(anonymous_9)
FNF:10
FNH:10
FNDA:3,(anonymous_0)
FNDA:2,(anonymous_1)
FNDA:2,(anonymous_2)
FNDA:3,(anonymous_3)
FNDA:2,(anonymous_4)
FNDA:2,(anonymous_5)
FNDA:3,(anonymous_6)
FNDA:2,(anonymous_7)
FNDA:3,(anonymous_8)
FNDA:2,(anonymous_9)
DA:6,2
DA:7,2
DA:8,2
DA:9,2
DA:10,2
DA:11,2
DA:17,3
DA:26,2
DA:40,2
DA:49,3
DA:58,2
DA:70,2
DA:81,3
DA:82,2
DA:83,2
DA:84,2
DA:89,1
DA:90,1
DA:92,1
DA:102,3
DA:103,2
DA:104,2
DA:105,2
DA:110,1
DA:112,1
LF:25
LH:25
BRF:0
BRH:0
end_of_record
TN:
SF:/Users/lf.langis/Devs/calendar-exercice/src/components/YearForm/YearForm-reselect.js
FN:9,(anonymous_0)
FN:13,(anonymous_1)
FN:18,(anonymous_2)
FN:23,(anonymous_3)
FN:29,(anonymous_4)
FN:34,(anonymous_5)
FN:39,(anonymous_6)
FN:44,(anonymous_7)
FN:49,(anonymous_8)
FNF:9
FNH:9
FNDA:30,(anonymous_0)
FNDA:4,(anonymous_1)
FNDA:4,(anonymous_2)
FNDA:4,(anonymous_3)
FNDA:2,(anonymous_4)
FNDA:4,(anonymous_5)
FNDA:4,(anonymous_6)
FNDA:4,(anonymous_7)
FNDA:4,(anonymous_8)
DA:9,30
DA:11,3
DA:13,4
DA:16,3
DA:18,4
DA:21,3
DA:23,4
DA:27,3
DA:29,2
DA:32,3
DA:34,4
DA:37,3
DA:39,4
DA:42,3
DA:44,4
DA:47,3
DA:49,4
LF:17
LH:17
BRF:0
BRH:0
end_of_record
TN:
SF:/Users/lf.langis/Devs/calendar-exercice/src/components/YearForm/YearForm.js
FN:20,(anonymous_0)
FN:30,(anonymous_1)
FN:39,(anonymous_2)
FN:56,(anonymous_3)
FN:58,(anonymous_4)
FN:68,(anonymous_5)
FN:68,(anonymous_6)
FN:82,(anonymous_7)
FNF:8
FNH:8
FNDA:11,(anonymous_0)
FNDA:12,(anonymous_1)
FNDA:4,(anonymous_2)
FNDA:6,(anonymous_3)
FNDA:8,(anonymous_4)
FNDA:26,(anonymous_5)
FNDA:3,(anonymous_6)
FNDA:15,(anonymous_7)
DA:21,11
DA:22,11
DA:31,12
DA:41,4
DA:42,4
DA:43,2
DA:47,4
DA:48,2
DA:57,6
DA:58,8
DA:59,6
DA:60,5
DA:68,26
DA:69,3
DA:72,3
DA:73,1
DA:83,15
DA:84,15
DA:87,15
DA:89,13
DA:92,13
DA:95,13
DA:115,2
DA:123,2
LF:24
LH:24
BRDA:42,0,0,2
BRDA:42,0,1,2
BRDA:47,1,0,2
BRDA:47,1,1,2
BRDA:59,2,0,5
BRDA:59,2,1,1
BRDA:59,3,0,6
BRDA:59,3,1,5
BRDA:72,4,0,1
BRDA:72,4,1,2
BRDA:72,5,0,3
BRDA:72,5,1,2
BRDA:87,6,0,2
BRDA:87,6,1,13
BRF:14
BRH:14
end_of_record
TN:
SF:/Users/lf.langis/Devs/calendar-exercice/src/components/YearForm/YearFormConnected.js
FN:10,(anonymous_0)
FNF:1
FNH:1
FNDA:2,(anonymous_0)
DA:10,2
LF:1
LH:1
BRF:0
BRH:0
end_of_record
